{
  "stats": {
    "suites": 91,
    "tests": 203,
    "passes": 188,
    "pending": 0,
    "failures": 15,
    "start": "2023-11-20T02:26:57.950Z",
    "end": "2023-11-20T02:29:29.130Z",
    "duration": 151180,
    "testsRegistered": 225,
    "passPercent": 83.55555555555556,
    "pendingPercent": 0,
    "other": 0,
    "hasOther": false,
    "skipped": 22,
    "hasSkipped": true
  },
  "results": [
    {
      "uuid": "3537f302-3542-4a75-aaeb-1d44744e8ac8",
      "title": "",
      "fullFile": "",
      "file": "",
      "beforeHooks": [],
      "afterHooks": [
        {
          "title": "\"after each\" hook in \"{root}\"",
          "fullTitle": "\"after each\" hook in \"{root}\"",
          "timedOut": false,
          "duration": 0,
          "state": null,
          "speed": null,
          "pass": false,
          "fail": false,
          "pending": false,
          "context": null,
          "code": "getPlatformStub === null || getPlatformStub === void 0 ? void 0 : getPlatformStub.restore();",
          "err": {},
          "uuid": "db43cc87-18d1-43a2-810f-526ee5ba3df5",
          "parentUUID": "3537f302-3542-4a75-aaeb-1d44744e8ac8",
          "isHook": true,
          "skipped": false
        },
        {
          "title": "\"after each\" hook in \"{root}\"",
          "fullTitle": "\"after each\" hook in \"{root}\"",
          "timedOut": false,
          "duration": 0,
          "state": null,
          "speed": null,
          "pass": false,
          "fail": false,
          "pending": false,
          "context": null,
          "code": "if (appLauncherTest) {\n    projectsStorage_1.ProjectsStorage.delFolder(appLauncherTest.getWorkspaceFolder());\n}\n(0, rn_extension_1.deactivate)();",
          "err": {},
          "uuid": "49c4e3cc-afdd-4284-ab09-547b4b73d431",
          "parentUUID": "3537f302-3542-4a75-aaeb-1d44744e8ac8",
          "isHook": true,
          "skipped": false
        },
        {
          "title": "\"after each\" hook in \"{root}\"",
          "fullTitle": "\"after each\" hook in \"{root}\"",
          "timedOut": false,
          "duration": 1,
          "state": null,
          "speed": null,
          "pass": false,
          "fail": false,
          "pending": false,
          "context": null,
          "code": "fsHelper.removePathRecursivelySync(path.join(sampleReactNativeProjectDir, NODE_MODULES_FOLDER));\nif (appLauncherTest) {\n    projectsStorage_1.ProjectsStorage.delFolder(appLauncherTest.getWorkspaceFolder());\n}\n(0, rn_extension_1.deactivate)();",
          "err": {},
          "uuid": "0feab33d-e224-4336-a519-350b8fc21499",
          "parentUUID": "3537f302-3542-4a75-aaeb-1d44744e8ac8",
          "isHook": true,
          "skipped": false
        },
        {
          "title": "\"after each\" hook in \"{root}\"",
          "fullTitle": "\"after each\" hook in \"{root}\"",
          "timedOut": false,
          "duration": 0,
          "state": null,
          "speed": null,
          "pass": false,
          "fail": false,
          "pending": false,
          "context": null,
          "code": "fsHelper.removePathRecursivelySync(sampleTestProjectDir);\nif (appLauncherTest) {\n    projectsStorage_1.ProjectsStorage.delFolder(appLauncherTest.getWorkspaceFolder());\n}",
          "err": {},
          "uuid": "fc99b23b-0c1f-41cf-a773-0b6243801e2b",
          "parentUUID": "3537f302-3542-4a75-aaeb-1d44744e8ac8",
          "isHook": true,
          "skipped": false
        },
        {
          "title": "\"after each\" hook in \"{root}\"",
          "fullTitle": "\"after each\" hook in \"{root}\"",
          "timedOut": false,
          "duration": 0,
          "state": null,
          "speed": null,
          "pass": false,
          "fail": false,
          "pending": false,
          "context": null,
          "code": "fsHelper.removePathRecursivelySync(innerProjectDir);",
          "err": {},
          "uuid": "74ebe288-17b5-4876-8839-6352ceaa11ba",
          "parentUUID": "3537f302-3542-4a75-aaeb-1d44744e8ac8",
          "isHook": true,
          "skipped": false
        }
      ],
      "tests": [
        {
          "title": "should succeed on correct env",
          "fullTitle": "should succeed on correct env",
          "timedOut": false,
          "duration": 1,
          "state": "passed",
          "speed": "fast",
          "pass": true,
          "fail": false,
          "pending": false,
          "context": null,
          "code": "__awaiter(this, void 0, void 0, function* () {\n                const tempdir = yield fs_1.promises.mkdtemp(path.join(os.tmpdir(), \"foo\"));\n                setEnv(tempdir);\n                const result = yield envTest();\n                assert(result.status === \"success\");\n                restoreEnv();\n            })",
          "err": {},
          "uuid": "92eb1806-ae62-47da-bec2-8edbefd60913",
          "parentUUID": "3537f302-3542-4a75-aaeb-1d44744e8ac8",
          "isHook": false,
          "skipped": false
        },
        {
          "title": "should fail on non existant path",
          "fullTitle": "should fail on non existant path",
          "timedOut": false,
          "duration": 0,
          "state": "passed",
          "speed": "fast",
          "pass": true,
          "fail": false,
          "pending": false,
          "context": null,
          "code": "__awaiter(this, void 0, void 0, function* () {\n                setEnv(\"/non-existant-path-abcd\");\n                const result = yield envTest();\n                assert(result.status === \"failure\");\n                restoreEnv();\n            })",
          "err": {},
          "uuid": "a4ec7493-021a-441b-831b-10ed59e004a5",
          "parentUUID": "3537f302-3542-4a75-aaeb-1d44744e8ac8",
          "isHook": false,
          "skipped": false
        },
        {
          "title": "should succeed on path with env values",
          "fullTitle": "should succeed on path with env values",
          "timedOut": false,
          "duration": 1,
          "state": "passed",
          "speed": "fast",
          "pass": true,
          "fail": false,
          "pending": false,
          "context": null,
          "code": "__awaiter(this, void 0, void 0, function* () {\n                const varName = \"some-weired-variable-abcd\";\n                const tempDir = yield fs_1.promises.mkdtemp(path.join(os.tmpdir(), \"foo\"));\n                yield fs_1.promises.mkdir(path.join(tempDir, \"bar\"));\n                process.env[varName] = \"bar\";\n                setEnv(`${tempDir}/%${varName}%`);\n                const result = yield envTest();\n                assert(result.status === \"partial-success\");\n                restoreEnv();\n                delete process.env[varName];\n            })",
          "err": {},
          "uuid": "69cc3297-28c7-4905-b6e2-61a83ba0c4f6",
          "parentUUID": "3537f302-3542-4a75-aaeb-1d44744e8ac8",
          "isHook": false,
          "skipped": false
        }
      ],
      "suites": [
        {
          "uuid": "da4a0fc4-0de1-420e-9617-b450ad02aea2",
          "title": "reactNativeCDPProxy",
          "fullFile": "/Users/ezio/Desktop/vscode-react-native/test/cdp-proxy/reactNativeCDPProxy.test.js",
          "file": "Users/ezio/Desktop/vscode-react-native/test/cdp-proxy/reactNativeCDPProxy.test.js",
          "beforeHooks": [
            {
              "title": "\"before all\" hook in \"reactNativeCDPProxy\"",
              "fullTitle": "reactNativeCDPProxy \"before all\" hook in \"reactNativeCDPProxy\"",
              "timedOut": false,
              "duration": 1031,
              "state": null,
              "speed": null,
              "pass": false,
              "fail": false,
              "pending": false,
              "context": null,
              "code": "__awaiter(this, void 0, void 0, function* () {\n        proxy.setApplicationTargetPort(wsTargetPort);\n        yield proxy.initializeServer(new rnCDPMessageHandler_1.RnCDPMessageHandler(), cdpProxyLogLevel);\n        const server = yield vscode_cdp_proxy_1.Server.create({ host: \"localhost\", port: wsTargetPort });\n        wsTargetServer = server;\n        server.onConnection(([connection, request]) => {\n            targetConnection = connection;\n        });\n        const proxyUri = yield new debuggerEndpointHelper_1.DebuggerEndpointHelper().getWSEndpoint(`http://${cdpProxyHostAddress}:${cdpProxyPort}`);\n        debugConnection = new vscode_cdp_proxy_1.Connection(yield vscode_cdp_proxy_1.WebSocketTransport.create(proxyUri));\n        // Due to the time limit, sooner or later this cycle will end\n        yield promise_1.PromiseUtil.waitUntil(() => !!targetConnection, 1000, 5000);\n    })",
              "err": {},
              "uuid": "1000e6eb-e413-4e25-a1b7-afe853352e17",
              "parentUUID": "da4a0fc4-0de1-420e-9617-b450ad02aea2",
              "isHook": true,
              "skipped": false
            }
          ],
          "afterHooks": [
            {
              "title": "\"after all\" hook in \"reactNativeCDPProxy\"",
              "fullTitle": "reactNativeCDPProxy \"after all\" hook in \"reactNativeCDPProxy\"",
              "timedOut": false,
              "duration": 1,
              "state": null,
              "speed": null,
              "pass": false,
              "fail": false,
              "pending": false,
              "context": null,
              "code": "if (targetConnection) {\n    targetConnection.close();\n    targetConnection = null;\n}\nif (debugConnection) {\n    debugConnection.close();\n    debugConnection = null;\n}\nproxy.stopServer();\nif (wsTargetServer) {\n    wsTargetServer.dispose();\n    wsTargetServer = null;\n}",
              "err": {},
              "uuid": "e1aab077-cd88-4d5b-8220-55b5977f58b0",
              "parentUUID": "da4a0fc4-0de1-420e-9617-b450ad02aea2",
              "isHook": true,
              "skipped": false
            }
          ],
          "tests": [],
          "suites": [
            {
              "uuid": "86dd76a7-b241-4415-aa35-92ca8e22e27a",
              "title": "MessageHandlers",
              "fullFile": "/Users/ezio/Desktop/vscode-react-native/test/cdp-proxy/reactNativeCDPProxy.test.js",
              "file": "Users/ezio/Desktop/vscode-react-native/test/cdp-proxy/reactNativeCDPProxy.test.js",
              "beforeHooks": [],
              "afterHooks": [],
              "tests": [],
              "suites": [
                {
                  "uuid": "cde42651-261a-493f-ba40-e2473d2c9773",
                  "title": "RnCDPMessageHandler",
                  "fullFile": "/Users/ezio/Desktop/vscode-react-native/test/cdp-proxy/reactNativeCDPProxy.test.js",
                  "file": "Users/ezio/Desktop/vscode-react-native/test/cdp-proxy/reactNativeCDPProxy.test.js",
                  "beforeHooks": [
                    {
                      "title": "\"before all\" hook in \"RnCDPMessageHandler\"",
                      "fullTitle": "reactNativeCDPProxy MessageHandlers RnCDPMessageHandler \"before all\" hook in \"RnCDPMessageHandler\"",
                      "timedOut": false,
                      "duration": 0,
                      "state": null,
                      "speed": null,
                      "pass": false,
                      "fail": false,
                      "pending": false,
                      "context": null,
                      "code": "__awaiter(this, void 0, void 0, function* () {\n                rnHandler = new rnCDPMessageHandler_1.RnCDPMessageHandler();\n                Object.assign(proxy, { CDPMessageHandler: rnHandler });\n            })",
                      "err": {},
                      "uuid": "508068d4-2658-4dfc-9f38-6cf2a49f5f85",
                      "parentUUID": "cde42651-261a-493f-ba40-e2473d2c9773",
                      "isHook": true,
                      "skipped": false
                    }
                  ],
                  "afterHooks": [],
                  "tests": [
                    {
                      "title": "Messages should be delivered correctly with RnCDPMessageHandler",
                      "fullTitle": "reactNativeCDPProxy MessageHandlers RnCDPMessageHandler Messages should be delivered correctly with RnCDPMessageHandler",
                      "timedOut": false,
                      "duration": 10,
                      "state": "passed",
                      "speed": "fast",
                      "pass": true,
                      "fail": false,
                      "pending": false,
                      "context": null,
                      "code": "__awaiter(this, void 0, void 0, function* () {\n                const targetMessageStart = { method: \"Target.start\", params: { reason: \"test\" } };\n                const debuggerMessageStart = {\n                    method: \"Debugger.start\",\n                    params: { reason: \"test\" },\n                };\n                const messageFromTarget = yield getMessageFromTarget(targetMessageStart);\n                const messageFromDebugger = yield getMessageFromDebugger(debuggerMessageStart);\n                assert.deepStrictEqual(messageFromTarget, targetMessageStart);\n                assert.deepStrictEqual(messageFromDebugger, debuggerMessageStart);\n            })",
                      "err": {},
                      "uuid": "82961b71-60b0-43bc-8dd1-604c3876f326",
                      "parentUUID": "cde42651-261a-493f-ba40-e2473d2c9773",
                      "isHook": false,
                      "skipped": false
                    },
                    {
                      "title": "Message from target with method 'Debugger.paused' in first time should transorm reason to 'Break on start'",
                      "fullTitle": "reactNativeCDPProxy MessageHandlers RnCDPMessageHandler Message from target with method 'Debugger.paused' in first time should transorm reason to 'Break on start'",
                      "timedOut": false,
                      "duration": 1,
                      "state": "passed",
                      "speed": "fast",
                      "pass": true,
                      "fail": false,
                      "pending": false,
                      "context": null,
                      "code": "__awaiter(this, void 0, void 0, function* () {\n                const targetMessagePaused = {\n                    method: CDPAPINames_1.CDP_API_NAMES.DEBUGGER_PAUSED,\n                    params: { reason: \"other\" },\n                };\n                const messageFromTarget = yield getMessageFromTarget(targetMessagePaused);\n                targetMessagePaused.params.reason = \"Break on start\";\n                assert.deepStrictEqual(messageFromTarget, targetMessagePaused);\n            })",
                      "err": {},
                      "uuid": "a3cc8020-b117-4c7d-8d8a-39ca4d7e95f4",
                      "parentUUID": "cde42651-261a-493f-ba40-e2473d2c9773",
                      "isHook": false,
                      "skipped": false
                    }
                  ],
                  "suites": [],
                  "passes": [
                    "82961b71-60b0-43bc-8dd1-604c3876f326",
                    "a3cc8020-b117-4c7d-8d8a-39ca4d7e95f4"
                  ],
                  "failures": [],
                  "pending": [],
                  "skipped": [],
                  "duration": 11,
                  "root": false,
                  "rootEmpty": false,
                  "_timeout": 5000
                },
                {
                  "uuid": "6d43ac66-924a-490e-93e1-3b5cf43e3593",
                  "title": "HermesCDPMessageHandler",
                  "fullFile": "/Users/ezio/Desktop/vscode-react-native/test/cdp-proxy/reactNativeCDPProxy.test.js",
                  "file": "Users/ezio/Desktop/vscode-react-native/test/cdp-proxy/reactNativeCDPProxy.test.js",
                  "beforeHooks": [
                    {
                      "title": "\"before all\" hook in \"HermesCDPMessageHandler\"",
                      "fullTitle": "reactNativeCDPProxy MessageHandlers HermesCDPMessageHandler \"before all\" hook in \"HermesCDPMessageHandler\"",
                      "timedOut": false,
                      "duration": 0,
                      "state": null,
                      "speed": null,
                      "pass": false,
                      "fail": false,
                      "pending": false,
                      "context": null,
                      "code": "__awaiter(this, void 0, void 0, function* () {\n                directHandler = new hermesCDPMessageHandler_1.HermesCDPMessageHandler();\n                Object.assign(proxy, { CDPMessageHandler: directHandler });\n            })",
                      "err": {},
                      "uuid": "97f80814-8cc5-4665-8656-b8b5ebfa1778",
                      "parentUUID": "6d43ac66-924a-490e-93e1-3b5cf43e3593",
                      "isHook": true,
                      "skipped": false
                    }
                  ],
                  "afterHooks": [],
                  "tests": [
                    {
                      "title": "Messages should be delivered correctly with HermesCDPMessageHandler",
                      "fullTitle": "reactNativeCDPProxy MessageHandlers HermesCDPMessageHandler Messages should be delivered correctly with HermesCDPMessageHandler",
                      "timedOut": false,
                      "duration": 2,
                      "state": "passed",
                      "speed": "fast",
                      "pass": true,
                      "fail": false,
                      "pending": false,
                      "context": null,
                      "code": "__awaiter(this, void 0, void 0, function* () {\n                const targetMessageStart = { method: \"Target.start\", params: { reason: \"test\" } };\n                const debuggerMessageStart = {\n                    method: \"Debugger.start\",\n                    params: { reason: \"test\" },\n                };\n                const messageFromTarget = yield getMessageFromTarget(targetMessageStart);\n                const messageFromDebugger = yield getMessageFromDebugger(debuggerMessageStart);\n                assert.deepStrictEqual(messageFromTarget, targetMessageStart);\n                assert.deepStrictEqual(messageFromDebugger, debuggerMessageStart);\n            })",
                      "err": {},
                      "uuid": "8e3ee567-825f-4d23-9593-bf59c8bdbf1e",
                      "parentUUID": "6d43ac66-924a-490e-93e1-3b5cf43e3593",
                      "isHook": false,
                      "skipped": false
                    },
                    {
                      "title": "Message from target with method 'Debugger.paused' should filter callFrames with Hermes Native function name and script id",
                      "fullTitle": "reactNativeCDPProxy MessageHandlers HermesCDPMessageHandler Message from target with method 'Debugger.paused' should filter callFrames with Hermes Native function name and script id",
                      "timedOut": false,
                      "duration": 1,
                      "state": "passed",
                      "speed": "fast",
                      "pass": true,
                      "fail": false,
                      "pending": false,
                      "context": null,
                      "code": "__awaiter(this, void 0, void 0, function* () {\n                const targetMessagePaused = {\n                    method: CDPAPINames_1.CDP_API_NAMES.DEBUGGER_PAUSED,\n                    params: {\n                        reason: \"other\",\n                        callFrames: cdpConstants_1.mockCallFrames,\n                    },\n                };\n                const messageFromTarget = yield getMessageFromTarget(targetMessagePaused);\n                const filteredCallFrames = cdpConstants_1.mockCallFrames.filter((callFrame) => callFrame.functionName !== cdpConstants_1.HERMES_NATIVE_FUNCTION_NAME &&\n                    callFrame.location.scriptId !== cdpConstants_1.HERMES_NATIVE_FUNCTION_SCRIPT_ID);\n                targetMessagePaused.params.callFrames = filteredCallFrames;\n                assert.deepStrictEqual(messageFromTarget, targetMessagePaused);\n            })",
                      "err": {},
                      "uuid": "0490720d-0040-425c-98ff-2e12e67acf6e",
                      "parentUUID": "6d43ac66-924a-490e-93e1-3b5cf43e3593",
                      "isHook": false,
                      "skipped": false
                    },
                    {
                      "title": "Message from target should add description for function result without description",
                      "fullTitle": "reactNativeCDPProxy MessageHandlers HermesCDPMessageHandler Message from target should add description for function result without description",
                      "timedOut": false,
                      "duration": 1,
                      "state": "passed",
                      "speed": "fast",
                      "pass": true,
                      "fail": false,
                      "pending": false,
                      "context": null,
                      "code": "__awaiter(this, void 0, void 0, function* () {\n                const targetMessage = {\n                    method: \"Target.test\",\n                    params: {\n                        reason: \"test\",\n                    },\n                    result: cdpConstants_1.mockResults,\n                };\n                const messageFromTarget = yield getMessageFromTarget(targetMessage);\n                targetMessage.result.result.forEach(resultObj => {\n                    if (resultObj.value &&\n                        resultObj.value.type === \"function\" &&\n                        !resultObj.value.description) {\n                        resultObj.value.description = \"function() { … }\";\n                    }\n                });\n                assert.deepStrictEqual(messageFromTarget, targetMessage);\n            })",
                      "err": {},
                      "uuid": "37d8d182-e462-41a8-81e7-f329973ea107",
                      "parentUUID": "6d43ac66-924a-490e-93e1-3b5cf43e3593",
                      "isHook": false,
                      "skipped": false
                    },
                    {
                      "title": "Message from debugger with method Debugger.setBreakpoint should delete column number field from params.location",
                      "fullTitle": "reactNativeCDPProxy MessageHandlers HermesCDPMessageHandler Message from debugger with method Debugger.setBreakpoint should delete column number field from params.location",
                      "timedOut": false,
                      "duration": 0,
                      "state": "passed",
                      "speed": "fast",
                      "pass": true,
                      "fail": false,
                      "pending": false,
                      "context": null,
                      "code": "__awaiter(this, void 0, void 0, function* () {\n                const debuggerMessage = {\n                    method: CDPAPINames_1.CDP_API_NAMES.DEBUGGER_SET_BREAKPOINT,\n                    params: {\n                        reason: \"test\",\n                        location: {\n                            columnNumber: 15,\n                            rowNumber: 100,\n                        },\n                    },\n                };\n                const messageFromDebugger = yield getMessageFromDebugger(debuggerMessage);\n                delete debuggerMessage.params.location.columnNumber;\n                assert.deepStrictEqual(messageFromDebugger, debuggerMessage);\n            })",
                      "err": {},
                      "uuid": "3c4d9198-5e60-48d8-b707-b6f725cd57ef",
                      "parentUUID": "6d43ac66-924a-490e-93e1-3b5cf43e3593",
                      "isHook": false,
                      "skipped": false
                    },
                    {
                      "title": "Message from debugger with method Runtime.callFunctionOn with Object.getOwnPropertyDescriptor in function declaration should return result based on message id and send back to debugger",
                      "fullTitle": "reactNativeCDPProxy MessageHandlers HermesCDPMessageHandler Message from debugger with method Runtime.callFunctionOn with Object.getOwnPropertyDescriptor in function declaration should return result based on message id and send back to debugger",
                      "timedOut": false,
                      "duration": 1,
                      "state": "passed",
                      "speed": "fast",
                      "pass": true,
                      "fail": false,
                      "pending": false,
                      "context": null,
                      "code": "__awaiter(this, void 0, void 0, function* () {\n                const debuggerMessage = {\n                    id: 1,\n                    method: CDPAPINames_1.CDP_API_NAMES.RUNTIME_CALL_FUNCTION_ON,\n                    params: {\n                        objectId: 2,\n                        reason: \"test\",\n                        functionDeclaration: [cdpConstants_1.ARRAY_REQUEST_PHRASE_MARKER, \"some other\"],\n                    },\n                };\n                let resultMessage = {\n                    result: {\n                        result: {\n                            objectId: debuggerMessage.params.objectId,\n                        },\n                    },\n                    id: debuggerMessage.id,\n                };\n                const messageFromDebugger = yield new Promise(resolve => {\n                    debugConnection === null || debugConnection === void 0 ? void 0 : debugConnection.send(debuggerMessage);\n                    debugConnection === null || debugConnection === void 0 ? void 0 : debugConnection.onReply((evt) => {\n                        resolve(evt);\n                    });\n                });\n                assert.deepStrictEqual(messageFromDebugger, resultMessage);\n            })",
                      "err": {},
                      "uuid": "96d42a1f-4340-4e70-b523-04384de9320c",
                      "parentUUID": "6d43ac66-924a-490e-93e1-3b5cf43e3593",
                      "isHook": false,
                      "skipped": false
                    }
                  ],
                  "suites": [],
                  "passes": [
                    "8e3ee567-825f-4d23-9593-bf59c8bdbf1e",
                    "0490720d-0040-425c-98ff-2e12e67acf6e",
                    "37d8d182-e462-41a8-81e7-f329973ea107",
                    "3c4d9198-5e60-48d8-b707-b6f725cd57ef",
                    "96d42a1f-4340-4e70-b523-04384de9320c"
                  ],
                  "failures": [],
                  "pending": [],
                  "skipped": [],
                  "duration": 5,
                  "root": false,
                  "rootEmpty": false,
                  "_timeout": 5000
                }
              ],
              "passes": [],
              "failures": [],
              "pending": [],
              "skipped": [],
              "duration": 0,
              "root": false,
              "rootEmpty": false,
              "_timeout": 5000
            }
          ],
          "passes": [],
          "failures": [],
          "pending": [],
          "skipped": [],
          "duration": 0,
          "root": false,
          "rootEmpty": false,
          "_timeout": 5000
        },
        {
          "uuid": "275852ff-3325-4c61-8874-37c19954d791",
          "title": "errorHelper",
          "fullFile": "/Users/ezio/Desktop/vscode-react-native/test/common/error/errorHelper.test.js",
          "file": "Users/ezio/Desktop/vscode-react-native/test/common/error/errorHelper.test.js",
          "beforeHooks": [],
          "afterHooks": [],
          "tests": [],
          "suites": [
            {
              "uuid": "fdb31ebe-8431-4de1-a690-cbe043ef3119",
              "title": "commonContext",
              "fullFile": "/Users/ezio/Desktop/vscode-react-native/test/common/error/errorHelper.test.js",
              "file": "Users/ezio/Desktop/vscode-react-native/test/common/error/errorHelper.test.js",
              "beforeHooks": [],
              "afterHooks": [],
              "tests": [
                {
                  "title": "internal error object with arguments should have correct NotAllSuccessPatternsMatched error message on English",
                  "fullTitle": "errorHelper commonContext internal error object with arguments should have correct NotAllSuccessPatternsMatched error message on English",
                  "timedOut": false,
                  "duration": 0,
                  "state": "passed",
                  "speed": "fast",
                  "pass": true,
                  "fail": false,
                  "pending": false,
                  "context": null,
                  "code": "assert.strictEqual(internalErrorWithArgs.message, 'Unknown error: not all success patterns were matched. \\n It means that \"react-native run-android\" command failed. \\n Please, check the View -> Toggle Output -> React Native, \\n View -> Toggle Output -> React Native: Run ios output windows. (error code 712)');\ndone();",
                  "err": {},
                  "uuid": "c0f0be4a-7d91-4f8b-99dd-7904ec042839",
                  "parentUUID": "fdb31ebe-8431-4de1-a690-cbe043ef3119",
                  "isHook": false,
                  "skipped": false
                },
                {
                  "title": "internal error object without arguments should have correct UnsupportedCommandStatus error message on English",
                  "fullTitle": "errorHelper commonContext internal error object without arguments should have correct UnsupportedCommandStatus error message on English",
                  "timedOut": false,
                  "duration": 0,
                  "state": "passed",
                  "speed": "fast",
                  "pass": true,
                  "fail": false,
                  "pending": false,
                  "context": null,
                  "code": "assert.strictEqual(internalErrorWithoutArgs.message, \"Unsupported command status (error code 112)\");\ndone();",
                  "err": {},
                  "uuid": "7dbd2816-4a4d-4c3a-963b-4f819bd8c87c",
                  "parentUUID": "fdb31ebe-8431-4de1-a690-cbe043ef3119",
                  "isHook": false,
                  "skipped": false
                },
                {
                  "title": "nested error object with arguments should have correct error message on English",
                  "fullTitle": "errorHelper commonContext nested error object with arguments should have correct error message on English",
                  "timedOut": false,
                  "duration": 0,
                  "state": "passed",
                  "speed": "fast",
                  "pass": true,
                  "fail": false,
                  "pending": false,
                  "context": null,
                  "code": "assert.strictEqual(nestedErrorWithArgs.message, \"Error while executing command 'Command failed with ES Error': Nested ES Error\");\ndone();",
                  "err": {},
                  "uuid": "1ae24d42-b7cc-4a43-9eda-38324039f907",
                  "parentUUID": "fdb31ebe-8431-4de1-a690-cbe043ef3119",
                  "isHook": false,
                  "skipped": false
                },
                {
                  "title": "warning object should have correct error message on English",
                  "fullTitle": "errorHelper commonContext warning object should have correct error message on English",
                  "timedOut": false,
                  "duration": 0,
                  "state": "passed",
                  "speed": "fast",
                  "pass": true,
                  "fail": false,
                  "pending": false,
                  "context": null,
                  "code": "assert.strictEqual(warning.errorCode, -1);\nassert.strictEqual(warning.message, \"Warning\");\ndone();",
                  "err": {},
                  "uuid": "fa9a9c77-936c-49e5-a7f2-23743aa0834c",
                  "parentUUID": "fdb31ebe-8431-4de1-a690-cbe043ef3119",
                  "isHook": false,
                  "skipped": false
                },
                {
                  "title": "nested warning object should have correct error message on English",
                  "fullTitle": "errorHelper commonContext nested warning object should have correct error message on English",
                  "timedOut": false,
                  "duration": 0,
                  "state": "passed",
                  "speed": "fast",
                  "pass": true,
                  "fail": false,
                  "pending": false,
                  "context": null,
                  "code": "assert.strictEqual(nestedWarning.errorCode, -1);\nassert.strictEqual(nestedWarning.message, \"Warning: Nested ES Error\");\ndone();",
                  "err": {},
                  "uuid": "d1ea29bc-2a60-435e-aea5-577fc45dca52",
                  "parentUUID": "fdb31ebe-8431-4de1-a690-cbe043ef3119",
                  "isHook": false,
                  "skipped": false
                }
              ],
              "suites": [],
              "passes": [
                "c0f0be4a-7d91-4f8b-99dd-7904ec042839",
                "7dbd2816-4a4d-4c3a-963b-4f819bd8c87c",
                "1ae24d42-b7cc-4a43-9eda-38324039f907",
                "fa9a9c77-936c-49e5-a7f2-23743aa0834c",
                "d1ea29bc-2a60-435e-aea5-577fc45dca52"
              ],
              "failures": [],
              "pending": [],
              "skipped": [],
              "duration": 0,
              "root": false,
              "rootEmpty": false,
              "_timeout": 2000
            }
          ],
          "passes": [],
          "failures": [],
          "pending": [],
          "skipped": [],
          "duration": 0,
          "root": false,
          "rootEmpty": false,
          "_timeout": 2000
        },
        {
          "uuid": "7e89ec93-47d5-4286-af5b-f03aea3cbef2",
          "title": "logHelper",
          "fullFile": "/Users/ezio/Desktop/vscode-react-native/test/common/log.test.js",
          "file": "Users/ezio/Desktop/vscode-react-native/test/common/log.test.js",
          "beforeHooks": [],
          "afterHooks": [],
          "tests": [],
          "suites": [
            {
              "uuid": "ecb51f2e-3125-4c53-9409-d172d608b0d0",
              "title": "commonContext",
              "fullFile": "/Users/ezio/Desktop/vscode-react-native/test/common/log.test.js",
              "file": "Users/ezio/Desktop/vscode-react-native/test/common/log.test.js",
              "beforeHooks": [
                {
                  "title": "\"before all\" hook in \"commonContext\"",
                  "fullTitle": "logHelper commonContext \"before all\" hook in \"commonContext\"",
                  "timedOut": false,
                  "duration": 0,
                  "state": null,
                  "speed": null,
                  "pass": false,
                  "fail": false,
                  "pending": false,
                  "context": null,
                  "code": "delete process.env.REACT_NATIVE_TOOLS_LOGS_DIR;",
                  "err": {},
                  "uuid": "9cea0f8b-6587-48fb-aef4-6a2762942c4e",
                  "parentUUID": "ecb51f2e-3125-4c53-9409-d172d608b0d0",
                  "isHook": true,
                  "skipped": false
                }
              ],
              "afterHooks": [
                {
                  "title": "\"after all\" hook in \"commonContext\"",
                  "fullTitle": "logHelper commonContext \"after all\" hook in \"commonContext\"",
                  "timedOut": false,
                  "duration": 0,
                  "state": null,
                  "speed": null,
                  "pass": false,
                  "fail": false,
                  "pending": false,
                  "context": null,
                  "code": "process.env.REACT_NATIVE_TOOLS_LOGS_DIR = REACT_NATIVE_TOOLS_LOGS_DIR;",
                  "err": {},
                  "uuid": "caf5cf30-1622-4b64-9d3a-0993df1d58ad",
                  "parentUUID": "ecb51f2e-3125-4c53-9409-d172d608b0d0",
                  "isHook": true,
                  "skipped": false
                }
              ],
              "tests": [
                {
                  "title": "getLoggingDirectory should return null if env variable REACT_NATIVE_TOOLS_LOGS_DIR is not defined",
                  "fullTitle": "logHelper commonContext getLoggingDirectory should return null if env variable REACT_NATIVE_TOOLS_LOGS_DIR is not defined",
                  "timedOut": false,
                  "duration": 0,
                  "state": "passed",
                  "speed": "fast",
                  "pass": true,
                  "fail": false,
                  "pending": false,
                  "context": null,
                  "code": "let loggingDir = (0, LogHelper_1.getLoggingDirectory)();\nassert.strictEqual(loggingDir, null);\ndone();",
                  "err": {},
                  "uuid": "3b0f35c3-428c-4d1b-93b7-795f9320c9f0",
                  "parentUUID": "ecb51f2e-3125-4c53-9409-d172d608b0d0",
                  "isHook": false,
                  "skipped": false
                },
                {
                  "title": "getLoggingDirectory should return null if env variable REACT_NATIVE_TOOLS_LOGS_DIR is defined by relative path",
                  "fullTitle": "logHelper commonContext getLoggingDirectory should return null if env variable REACT_NATIVE_TOOLS_LOGS_DIR is defined by relative path",
                  "timedOut": false,
                  "duration": 0,
                  "state": "passed",
                  "speed": "fast",
                  "pass": true,
                  "fail": false,
                  "pending": false,
                  "context": null,
                  "code": "process.env.REACT_NATIVE_TOOLS_LOGS_DIR = \"./logs\";\nlet loggingDir = (0, LogHelper_1.getLoggingDirectory)();\nassert.strictEqual(loggingDir, null);\ndone();",
                  "err": {},
                  "uuid": "ce50f3b7-5633-49f8-a1fb-84a34575c261",
                  "parentUUID": "ecb51f2e-3125-4c53-9409-d172d608b0d0",
                  "isHook": false,
                  "skipped": false
                },
                {
                  "title": "getLoggingDirectory should return correct value if env variable REACT_NATIVE_TOOLS_LOGS_DIR is defined by absolute path",
                  "fullTitle": "logHelper commonContext getLoggingDirectory should return correct value if env variable REACT_NATIVE_TOOLS_LOGS_DIR is defined by absolute path",
                  "timedOut": false,
                  "duration": 2,
                  "state": "passed",
                  "speed": "fast",
                  "pass": true,
                  "fail": false,
                  "pending": false,
                  "context": null,
                  "code": "process.env.REACT_NATIVE_TOOLS_LOGS_DIR = path.join(__dirname, \"testFolder\");\nlet loggingDir = (0, LogHelper_1.getLoggingDirectory)();\nassert.strictEqual(loggingDir, process.env.REACT_NATIVE_TOOLS_LOGS_DIR);\nif (loggingDir) {\n    const checkDir = fs.existsSync(loggingDir);\n    if (checkDir) {\n        fs.rmdirSync(loggingDir);\n    }\n    else {\n        assert.fail(\"getLoggingDirectory did not create a directory\");\n    }\n}\nelse {\n    assert.fail(`${loggingDir} is not a correct path`);\n}\ndone();",
                  "err": {},
                  "uuid": "66921ec9-83af-4173-9355-a99ec2835ae5",
                  "parentUUID": "ecb51f2e-3125-4c53-9409-d172d608b0d0",
                  "isHook": false,
                  "skipped": false
                }
              ],
              "suites": [],
              "passes": [
                "3b0f35c3-428c-4d1b-93b7-795f9320c9f0",
                "ce50f3b7-5633-49f8-a1fb-84a34575c261",
                "66921ec9-83af-4173-9355-a99ec2835ae5"
              ],
              "failures": [],
              "pending": [],
              "skipped": [],
              "duration": 2,
              "root": false,
              "rootEmpty": false,
              "_timeout": 2000
            }
          ],
          "passes": [],
          "failures": [],
          "pending": [],
          "skipped": [],
          "duration": 0,
          "root": false,
          "rootEmpty": false,
          "_timeout": 2000
        },
        {
          "uuid": "6a2bdfae-76f1-4e79-99e9-1f5406c4a152",
          "title": "packageLoader",
          "fullFile": "/Users/ezio/Desktop/vscode-react-native/test/common/packageLoader.test.js",
          "file": "Users/ezio/Desktop/vscode-react-native/test/common/packageLoader.test.js",
          "beforeHooks": [],
          "afterHooks": [],
          "tests": [],
          "suites": [
            {
              "uuid": "bf2f71d4-f2b2-4963-9090-d25a9ba30ae6",
              "title": "localNodeModules",
              "fullFile": "/Users/ezio/Desktop/vscode-react-native/test/common/packageLoader.test.js",
              "file": "Users/ezio/Desktop/vscode-react-native/test/common/packageLoader.test.js",
              "beforeHooks": [
                {
                  "title": "\"before all\" hook in \"localNodeModules\"",
                  "fullTitle": "packageLoader localNodeModules \"before all\" hook in \"localNodeModules\"",
                  "timedOut": false,
                  "duration": 4,
                  "state": null,
                  "speed": null,
                  "pass": false,
                  "fail": false,
                  "pending": false,
                  "context": null,
                  "code": "return __awaiter(this, void 0, void 0, function* () {\n    rimraf.sync(sampleProjectNodeModulesPath);\n    rimraf.sync(sampleProjectPackageLockJsonPath);\n    findFileInFolderHierarchyStub = sinon.stub(extensionHelper, \"findFileInFolderHierarchy\", () => {\n        return sampleProjectNodeModulesPath;\n    });\n    getVersionFromExtensionNodeModulesStub = sinon.stub(extensionHelper, \"getVersionFromExtensionNodeModules\", (packageName) => {\n        return getPackageVersionsFromNodeModules(sampleProjectPath, packageName);\n    });\n    tryToRequireAfterInstallSpy = sinon.spy(packageLoader_1.PackageLoader.getInstance(), \"tryToRequireAfterInstall\");\n});",
                  "err": {},
                  "uuid": "c969fab2-61f2-4e98-8dea-7f09401005a6",
                  "parentUUID": "bf2f71d4-f2b2-4963-9090-d25a9ba30ae6",
                  "isHook": true,
                  "skipped": false
                }
              ],
              "afterHooks": [
                {
                  "title": "\"after all\" hook in \"localNodeModules\"",
                  "fullTitle": "packageLoader localNodeModules \"after all\" hook in \"localNodeModules\"",
                  "timedOut": false,
                  "duration": 0,
                  "state": null,
                  "speed": null,
                  "pass": false,
                  "fail": false,
                  "pending": false,
                  "context": null,
                  "code": "this.timeout(packageLoaderTestTimeout);\nfindFileInFolderHierarchyStub === null || findFileInFolderHierarchyStub === void 0 ? void 0 : findFileInFolderHierarchyStub.restore();\ngetVersionFromExtensionNodeModulesStub === null || getVersionFromExtensionNodeModulesStub === void 0 ? void 0 : getVersionFromExtensionNodeModulesStub.restore();\ntryToRequireAfterInstallSpy === null || tryToRequireAfterInstallSpy === void 0 ? void 0 : tryToRequireAfterInstallSpy.restore();\nsinon.restore(extensionHelper);\nrimraf.sync(sampleProjectNodeModulesPath);\nrimraf.sync(sampleProjectPackageLockJsonPath);",
                  "err": {},
                  "uuid": "77d5accd-7b7c-4c85-832e-1520c04838c1",
                  "parentUUID": "bf2f71d4-f2b2-4963-9090-d25a9ba30ae6",
                  "isHook": true,
                  "skipped": false
                },
                {
                  "title": "\"after each\" hook in \"localNodeModules\"",
                  "fullTitle": "packageLoader localNodeModules \"after each\" hook in \"localNodeModules\"",
                  "timedOut": false,
                  "duration": 10220,
                  "state": null,
                  "speed": null,
                  "pass": false,
                  "fail": false,
                  "pending": false,
                  "context": null,
                  "code": "this.timeout(packageLoaderTestTimeout);\nfindFileInFolderHierarchyStub === null || findFileInFolderHierarchyStub === void 0 ? void 0 : findFileInFolderHierarchyStub.reset();\ngetVersionFromExtensionNodeModulesStub === null || getVersionFromExtensionNodeModulesStub === void 0 ? void 0 : getVersionFromExtensionNodeModulesStub.reset();\ntryToRequireAfterInstallSpy === null || tryToRequireAfterInstallSpy === void 0 ? void 0 : tryToRequireAfterInstallSpy.reset();\nrimraf.sync(sampleProjectNodeModulesPath);\nrimraf.sync(sampleProjectPackageLockJsonPath);",
                  "err": {},
                  "uuid": "97136c09-bb2e-4b62-8312-707fdecbf8e6",
                  "parentUUID": "bf2f71d4-f2b2-4963-9090-d25a9ba30ae6",
                  "isHook": true,
                  "skipped": false
                }
              ],
              "tests": [
                {
                  "title": "The package loader should install packages in node_modules where these packages are not present",
                  "fullTitle": "packageLoader localNodeModules The package loader should install packages in node_modules where these packages are not present",
                  "timedOut": false,
                  "duration": 55973,
                  "state": "passed",
                  "speed": "slow",
                  "pass": true,
                  "fail": false,
                  "pending": false,
                  "context": null,
                  "code": "return __awaiter(this, void 0, void 0, function* () {\n    this.timeout(packageLoaderTestTimeout);\n    // There is the problem with '--no-save' flag for 'npm install' command for npm v6.\n    // Installing npm dependencies with the `--no-save` flag will remove\n    // other dependencies that were installed in the same manner (https://github.com/npm/cli/issues/1460).\n    // So we should workaround it passing all packages for install to only one npm install command\n    const getMkdrip = packageLoader_1.PackageLoader.getInstance().generateGetPackageFunction(mkdirpPackageConfig, rimrafPackageFirst);\n    const getRimraf = packageLoader_1.PackageLoader.getInstance().generateGetPackageFunction(rimrafPackageFirst, mkdirpPackageConfig);\n    const [mkdirpPackage, rimrafPackage] = yield Promise.all([getMkdrip(), getRimraf()]);\n    assert.strictEqual(isNotEmptyPackage(rimrafPackage) && isNotEmptyPackage(mkdirpPackage), true, \"Not all packages has been installed and required\");\n    const installedVersionOfMkdirp = yield getPackageVersionsFromNodeModules(sampleProjectPath, mkdirpPackageConfig.getPackageName());\n    const installedVersionOfRimraf = yield getPackageVersionsFromNodeModules(sampleProjectPath, rimrafPackageFirst.getPackageName());\n    assert.strictEqual(installedVersionOfMkdirp, mkdirpPackageConfig.getVersion(), `Wrong installed version of ${mkdirpPackageConfig.getPackageName()} package`);\n    assert.strictEqual(installedVersionOfRimraf, rimrafPackageFirst.getVersion(), `Wrong installed version of ${rimrafPackageFirst.getPackageName()} package`);\n});",
                  "err": {},
                  "uuid": "33bbdae9-7c19-47c9-a298-08a5a1a70b0a",
                  "parentUUID": "bf2f71d4-f2b2-4963-9090-d25a9ba30ae6",
                  "isHook": false,
                  "skipped": false
                },
                {
                  "title": "The package loader should not execute installation for packages that are already present in node_modules",
                  "fullTitle": "packageLoader localNodeModules The package loader should not execute installation for packages that are already present in node_modules",
                  "timedOut": false,
                  "duration": 10348,
                  "state": "passed",
                  "speed": "slow",
                  "pass": true,
                  "fail": false,
                  "pending": false,
                  "context": null,
                  "code": "return __awaiter(this, void 0, void 0, function* () {\n    this.timeout(packageLoaderTestTimeout);\n    yield commandExecutor.spawn(hostPlatform_1.HostPlatform.getNpmCliCommand(\"npm\"), [\n        \"install\",\n        rimrafPackageFirst.getStringForInstall(),\n        \"--no-save\",\n    ]);\n    assert.strictEqual(yield getPackageVersionsFromNodeModules(sampleProjectPath, rimrafPackageFirst.getPackageName()), rimrafPackageFirst.getVersion(), \"Package was preinstalled with wrong version\");\n    const getRimraf = packageLoader_1.PackageLoader.getInstance().generateGetPackageFunction(rimrafPackageFirst);\n    assert.strictEqual(isNotEmptyPackage(yield getRimraf()), true, \"Package was not required\");\n    assert.strictEqual(tryToRequireAfterInstallSpy === null || tryToRequireAfterInstallSpy === void 0 ? void 0 : tryToRequireAfterInstallSpy.notCalled, true, \"Package loader executes installation for packages that already exist in node_modules\");\n    tryToRequireAfterInstallSpy === null || tryToRequireAfterInstallSpy === void 0 ? void 0 : tryToRequireAfterInstallSpy.reset();\n});",
                  "err": {},
                  "uuid": "b9e518a0-2eaa-4c51-b33e-87dfef7d9c79",
                  "parentUUID": "bf2f71d4-f2b2-4963-9090-d25a9ba30ae6",
                  "isHook": false,
                  "skipped": false
                },
                {
                  "title": "The package loader should install a package with the specific version if the package is already installed but with another version",
                  "fullTitle": "packageLoader localNodeModules The package loader should install a package with the specific version if the package is already installed but with another version",
                  "timedOut": false,
                  "duration": 10708,
                  "state": "passed",
                  "speed": "slow",
                  "pass": true,
                  "fail": false,
                  "pending": false,
                  "context": null,
                  "code": "return __awaiter(this, void 0, void 0, function* () {\n    this.timeout(packageLoaderTestTimeout);\n    yield commandExecutor.spawn(hostPlatform_1.HostPlatform.getNpmCliCommand(\"npm\"), [\n        \"install\",\n        rimrafPackageFirst.getStringForInstall(),\n        \"--no-save\",\n    ]);\n    assert.strictEqual(yield getPackageVersionsFromNodeModules(sampleProjectPath, rimrafPackageFirst.getPackageName()), rimrafPackageFirst.getVersion(), \"Package was preinstalled with wrong version\");\n    const getRimraf = packageLoader_1.PackageLoader.getInstance().generateGetPackageFunction(rimrafPackageSecond);\n    assert.strictEqual(isNotEmptyPackage(yield getRimraf()), true, \"Package was not required\");\n    assert.strictEqual(tryToRequireAfterInstallSpy === null || tryToRequireAfterInstallSpy === void 0 ? void 0 : tryToRequireAfterInstallSpy.calledOnce, true, \"Package loader not execute installation for packages that are already present in node_modules but with wrong version\");\n    tryToRequireAfterInstallSpy === null || tryToRequireAfterInstallSpy === void 0 ? void 0 : tryToRequireAfterInstallSpy.reset();\n    const installedVersionOfRimraf = yield getPackageVersionsFromNodeModules(sampleProjectPath, rimrafPackageSecond.getPackageName());\n    assert.strictEqual(installedVersionOfRimraf, rimrafPackageSecond.getVersion(), `Wrong installed version of ${rimrafPackageSecond.getPackageName()} package`);\n});",
                  "err": {},
                  "uuid": "2ce4eb63-2c3c-44d9-84d3-70e6ce8f58dc",
                  "parentUUID": "bf2f71d4-f2b2-4963-9090-d25a9ba30ae6",
                  "isHook": false,
                  "skipped": false
                },
                {
                  "title": "The package loader should install package and require specific subpath for this package",
                  "fullTitle": "packageLoader localNodeModules The package loader should install package and require specific subpath for this package",
                  "timedOut": false,
                  "duration": 14935,
                  "state": "passed",
                  "speed": "slow",
                  "pass": true,
                  "fail": false,
                  "pending": false,
                  "context": null,
                  "code": "return __awaiter(this, void 0, void 0, function* () {\n    this.timeout(packageLoaderTestTimeout);\n    const getChalk = packageLoader_1.PackageLoader.getInstance().generateGetPackageFunction(chalkPackageConfig);\n    const chalkPackage = yield getChalk();\n    assert.strictEqual(isNotEmptyPackage(chalkPackage), true, \"Package was not required\");\n    assert.strictEqual(!!(chalkPackage.stringReplaceAll && chalkPackage.stringEncaseCRLFWithFirstIndex), true, \"Required package subpath does not contains all members. It means what there are problems with subpath requiring\");\n});",
                  "err": {},
                  "uuid": "fb4fdc36-c6a3-4af4-91cf-d9a46a61cb8c",
                  "parentUUID": "bf2f71d4-f2b2-4963-9090-d25a9ba30ae6",
                  "isHook": false,
                  "skipped": false
                }
              ],
              "suites": [],
              "passes": [
                "33bbdae9-7c19-47c9-a298-08a5a1a70b0a",
                "b9e518a0-2eaa-4c51-b33e-87dfef7d9c79",
                "2ce4eb63-2c3c-44d9-84d3-70e6ce8f58dc",
                "fb4fdc36-c6a3-4af4-91cf-d9a46a61cb8c"
              ],
              "failures": [],
              "pending": [],
              "skipped": [],
              "duration": 91964,
              "root": false,
              "rootEmpty": false,
              "_timeout": 2000
            }
          ],
          "passes": [],
          "failures": [],
          "pending": [],
          "skipped": [],
          "duration": 0,
          "root": false,
          "rootEmpty": false,
          "_timeout": 2000
        },
        {
          "uuid": "4f5475a2-7bbc-4700-a083-1889c0aa6d1b",
          "title": "projectVersionHelper",
          "fullFile": "/Users/ezio/Desktop/vscode-react-native/test/common/projectVersionHelper.test.js",
          "file": "Users/ezio/Desktop/vscode-react-native/test/common/projectVersionHelper.test.js",
          "beforeHooks": [],
          "afterHooks": [],
          "tests": [
            {
              "title": "getReactNativeVersionsFromProjectPackage should return object containing version strings if 'version' field is found in project's package.json file",
              "fullTitle": "projectVersionHelper getReactNativeVersionsFromProjectPackage should return object containing version strings if 'version' field is found in project's package.json file",
              "timedOut": false,
              "duration": 2,
              "state": "passed",
              "speed": "fast",
              "pass": true,
              "fail": false,
              "pending": false,
              "context": null,
              "code": "__awaiter(this, void 0, void 0, function* () {\n        let additionalPackages = [];\n        additionalPackages.push(projectVersionHelper_1.REACT_NATIVE_PACKAGES.REACT_NATIVE_WINDOWS);\n        const versions = yield projectVersionHelper_1.ProjectVersionHelper.getReactNativeVersionsFromProjectPackage(sampleReactNativeProjectDir, additionalPackages);\n        assert.strictEqual(versions.reactNativeVersion, \"0.65.0\");\n        assert.strictEqual(versions.reactNativeWindowsVersion, \"0.65.9\");\n    })",
              "err": {},
              "uuid": "9bb11486-d494-4a17-bd44-b37468d19e12",
              "parentUUID": "4f5475a2-7bbc-4700-a083-1889c0aa6d1b",
              "isHook": false,
              "skipped": false
            },
            {
              "title": "getReactNativePackageVersionsFromNodeModules should throw ReactNativePackageIsNotInstalled error if the package is not installed",
              "fullTitle": "projectVersionHelper getReactNativePackageVersionsFromNodeModules should throw ReactNativePackageIsNotInstalled error if the package is not installed",
              "timedOut": false,
              "duration": 1,
              "state": "passed",
              "speed": "fast",
              "pass": true,
              "fail": false,
              "pending": false,
              "context": null,
              "code": "return projectVersionHelper_1.ProjectVersionHelper.getReactNativePackageVersionsFromNodeModules(nodeModulesRoot).catch(error => {\n    assert.strictEqual(error.errorCode, 606);\n});",
              "err": {},
              "uuid": "5766b317-7671-419b-b102-3130529caff6",
              "parentUUID": "4f5475a2-7bbc-4700-a083-1889c0aa6d1b",
              "isHook": false,
              "skipped": false
            },
            {
              "title": "isVersionError should return true if a version string contains an error substring",
              "fullTitle": "projectVersionHelper isVersionError should return true if a version string contains an error substring",
              "timedOut": false,
              "duration": 0,
              "state": "passed",
              "speed": "fast",
              "pass": true,
              "fail": false,
              "pending": false,
              "context": null,
              "code": "assert.strictEqual(projectVersionHelper_1.ProjectVersionHelper.isVersionError(versionError_1.RN_VERSION_ERRORS.MISSING_DEPENDENCIES_FIELDS_IN_PROJECT_PACKAGE_FILE), true);\nassert.strictEqual(projectVersionHelper_1.ProjectVersionHelper.isVersionError(versionError_1.RN_VERSION_ERRORS.MISSING_PACKAGE_IN_NODE_MODULES), true);\nassert.strictEqual(projectVersionHelper_1.ProjectVersionHelper.isVersionError(versionError_1.RN_VERSION_ERRORS.MISSING_DEPENDENCY_IN_PROJECT_PACKAGE_FILE), true);\nassert.strictEqual(projectVersionHelper_1.ProjectVersionHelper.isVersionError(versionError_1.RN_VERSION_ERRORS.UNKNOWN_ERROR), true);\nassert.strictEqual(projectVersionHelper_1.ProjectVersionHelper.isVersionError(\"someError\"), true);\nassert.strictEqual(projectVersionHelper_1.ProjectVersionHelper.isVersionError(\"ERRORSTRING\"), true);\ndone();",
              "err": {},
              "uuid": "e9bb6bb7-16da-4e17-a80c-c61a904557d2",
              "parentUUID": "4f5475a2-7bbc-4700-a083-1889c0aa6d1b",
              "isHook": false,
              "skipped": false
            },
            {
              "title": "isVersionError should return false if a version string doesn't contain an error substring",
              "fullTitle": "projectVersionHelper isVersionError should return false if a version string doesn't contain an error substring",
              "timedOut": false,
              "duration": 0,
              "state": "passed",
              "speed": "fast",
              "pass": true,
              "fail": false,
              "pending": false,
              "context": null,
              "code": "assert.strictEqual(projectVersionHelper_1.ProjectVersionHelper.isVersionError(\"^0.60.0-vnext.68\"), false);\nassert.strictEqual(projectVersionHelper_1.ProjectVersionHelper.isVersionError(\"https://github.com/expo/react-native/archive/sdk-35.0.0.tar.gz\"), false);\nassert.strictEqual(projectVersionHelper_1.ProjectVersionHelper.isVersionError(\"SemverInvalid\"), false);\nassert.strictEqual(projectVersionHelper_1.ProjectVersionHelper.isVersionError(\"0.61.0\"), false);\nassert.strictEqual(projectVersionHelper_1.ProjectVersionHelper.isVersionError(\"SemverInvalid: URL\"), false);\nassert.strictEqual(projectVersionHelper_1.ProjectVersionHelper.isVersionError(\"*\"), false);\ndone();",
              "err": {},
              "uuid": "1b0bdc71-524e-4f99-9e92-b9c85b0ecc2b",
              "parentUUID": "4f5475a2-7bbc-4700-a083-1889c0aa6d1b",
              "isHook": false,
              "skipped": false
            },
            {
              "title": "processVersion should return semver valid version strings or correct error strings",
              "fullTitle": "projectVersionHelper processVersion should return semver valid version strings or correct error strings",
              "timedOut": false,
              "duration": 0,
              "state": "passed",
              "speed": "fast",
              "pass": true,
              "fail": false,
              "pending": false,
              "context": null,
              "code": "assert.strictEqual(projectVersionHelper_1.ProjectVersionHelper.processVersion(\"^0.60.0-vnext.68\", false), \"0.60.0-vnext.68\");\nassert.strictEqual(projectVersionHelper_1.ProjectVersionHelper.processVersion(\"=v0.60.0-vnext.68\", false), \"0.60.0-vnext.68\");\nassert.strictEqual(projectVersionHelper_1.ProjectVersionHelper.processVersion(\"1.0.0 - 2.9999.9999\", false), \"SemverInvalid\");\nassert.strictEqual(projectVersionHelper_1.ProjectVersionHelper.processVersion(\"latest\", false), \"SemverInvalid\");\nassert.strictEqual(projectVersionHelper_1.ProjectVersionHelper.processVersion(\"~1.2\", false), \"SemverInvalid\");\nassert.strictEqual(projectVersionHelper_1.ProjectVersionHelper.processVersion(\"2.x\", false), \"SemverInvalid\");\nassert.strictEqual(projectVersionHelper_1.ProjectVersionHelper.processVersion(\">=1.0.2\", false), \"1.0.2\");\nassert.strictEqual(projectVersionHelper_1.ProjectVersionHelper.processVersion(\"<3.0.0\", false), \"3.0.0\");\nassert.strictEqual(projectVersionHelper_1.ProjectVersionHelper.processVersion(\"0.61.0-rc.0\"), \"0.61.0\");\nassert.strictEqual(projectVersionHelper_1.ProjectVersionHelper.processVersion(\"~1.2.3-beta.1\"), \"1.2.3\");\nassert.strictEqual(projectVersionHelper_1.ProjectVersionHelper.processVersion(\"~0.61.3-dev\"), \"0.61.3\");\nassert.strictEqual(projectVersionHelper_1.ProjectVersionHelper.processVersion(\"v0.61.3-dev\"), \"0.61.3\");\nassert.strictEqual(projectVersionHelper_1.ProjectVersionHelper.processVersion(\"^0.61.2.0\"), \"0.61.2\");\nassert.strictEqual(projectVersionHelper_1.ProjectVersionHelper.processVersion(\"0.61.3\"), \"0.61.3\");\nassert.strictEqual(projectVersionHelper_1.ProjectVersionHelper.processVersion(\"https://github.com/expo/react-native/archive/sdk-35.0.0.tar.gz\"), \"SemverInvalid: URL\");\nassert.strictEqual(projectVersionHelper_1.ProjectVersionHelper.processVersion(\"/github.com/expo/react-native/archive/sdk-35.0.0.tar.gz\"), \"35.0.0\");\nassert.strictEqual(projectVersionHelper_1.ProjectVersionHelper.processVersion(\"git+https://git@github.com/test/test.git\"), \"SemverInvalid: URL\");\nassert.strictEqual(projectVersionHelper_1.ProjectVersionHelper.processVersion(\"/github.com/expo/react-native/archive/sdk\"), \"SemverInvalid\");\nassert.strictEqual(projectVersionHelper_1.ProjectVersionHelper.processVersion(\"qwertyuiop[]asdfghjk\"), \"SemverInvalid\");\nassert.strictEqual(projectVersionHelper_1.ProjectVersionHelper.processVersion(\"/Users/test/Data\"), \"SemverInvalid\");\nassert.strictEqual(projectVersionHelper_1.ProjectVersionHelper.processVersion(\"@#.str?/4568-7468/.fd\"), \"4568.0.0\");\nassert.strictEqual(projectVersionHelper_1.ProjectVersionHelper.processVersion(\"^str.0.61.str.2\"), \"0.61.0\");\nassert.strictEqual(projectVersionHelper_1.ProjectVersionHelper.processVersion(\"qwert  1 asdf\"), \"1.0.0\");\nassert.strictEqual(projectVersionHelper_1.ProjectVersionHelper.processVersion(\"^0.str.str.2\"), \"0.0.0\");\nassert.strictEqual(projectVersionHelper_1.ProjectVersionHelper.processVersion(\"\"), \"SemverInvalid\");\nassert.strictEqual(projectVersionHelper_1.ProjectVersionHelper.processVersion(\"1.0.x\"), \"1.0.0\");\nassert.strictEqual(projectVersionHelper_1.ProjectVersionHelper.processVersion(\"*.0.*\"), \"0.0.0\");\nassert.strictEqual(projectVersionHelper_1.ProjectVersionHelper.processVersion(\"~1.*\"), \"1.0.0\");\nassert.strictEqual(projectVersionHelper_1.ProjectVersionHelper.processVersion(\"1.0\"), \"1.0.0\");\nassert.strictEqual(projectVersionHelper_1.ProjectVersionHelper.processVersion(\"~1\"), \"1.0.0\");\nassert.strictEqual(projectVersionHelper_1.ProjectVersionHelper.processVersion(\"*\"), \"SemverInvalid\");\ndone();",
              "err": {},
              "uuid": "ae9a77fc-79f2-44a5-8553-50e72cb0be21",
              "parentUUID": "4f5475a2-7bbc-4700-a083-1889c0aa6d1b",
              "isHook": false,
              "skipped": false
            }
          ],
          "suites": [
            {
              "uuid": "9cc8ad86-7534-43a8-8cea-f014551af719",
              "title": "getReactNativeVersionsFromProjectWithIncorrectPackageJson",
              "fullFile": "/Users/ezio/Desktop/vscode-react-native/test/common/projectVersionHelper.test.js",
              "file": "Users/ezio/Desktop/vscode-react-native/test/common/projectVersionHelper.test.js",
              "beforeHooks": [
                {
                  "title": "\"before all\" hook in \"getReactNativeVersionsFromProjectWithIncorrectPackageJson\"",
                  "fullTitle": "projectVersionHelper getReactNativeVersionsFromProjectWithIncorrectPackageJson \"before all\" hook in \"getReactNativeVersionsFromProjectWithIncorrectPackageJson\"",
                  "timedOut": false,
                  "duration": 2,
                  "state": null,
                  "speed": null,
                  "pass": false,
                  "fail": false,
                  "pending": false,
                  "context": null,
                  "code": "fs.writeFileSync(packageJsonPath, JSON.stringify(versionObj, null, 2));",
                  "err": {},
                  "uuid": "682b1a74-f64e-43ef-a99e-ddfd63093746",
                  "parentUUID": "9cc8ad86-7534-43a8-8cea-f014551af719",
                  "isHook": true,
                  "skipped": false
                }
              ],
              "afterHooks": [
                {
                  "title": "\"after all\" hook in \"getReactNativeVersionsFromProjectWithIncorrectPackageJson\"",
                  "fullTitle": "projectVersionHelper getReactNativeVersionsFromProjectWithIncorrectPackageJson \"after all\" hook in \"getReactNativeVersionsFromProjectWithIncorrectPackageJson\"",
                  "timedOut": false,
                  "duration": 0,
                  "state": null,
                  "speed": null,
                  "pass": false,
                  "fail": false,
                  "pending": false,
                  "context": null,
                  "code": "fs.writeFileSync(packageJsonPath, packageJsonContent);",
                  "err": {},
                  "uuid": "058b97e5-3a56-4416-8c12-8400d678adc7",
                  "parentUUID": "9cc8ad86-7534-43a8-8cea-f014551af719",
                  "isHook": true,
                  "skipped": false
                }
              ],
              "tests": [
                {
                  "title": "getReactNativeVersionsFromProjectPackage should return containing empty version strings if 'version' field isn't found in project's package.json file",
                  "fullTitle": "projectVersionHelper getReactNativeVersionsFromProjectWithIncorrectPackageJson getReactNativeVersionsFromProjectPackage should return containing empty version strings if 'version' field isn't found in project's package.json file",
                  "timedOut": false,
                  "duration": 12,
                  "state": "passed",
                  "speed": "fast",
                  "pass": true,
                  "fail": false,
                  "pending": false,
                  "context": null,
                  "code": "__awaiter(this, void 0, void 0, function* () {\n            let additionalPackages = [];\n            additionalPackages.push(projectVersionHelper_1.REACT_NATIVE_PACKAGES.REACT_NATIVE_WINDOWS);\n            const versions = yield projectVersionHelper_1.ProjectVersionHelper.getReactNativeVersionsFromProjectPackage(sampleReactNativeProjectDir, additionalPackages);\n            assert.strictEqual(versions.reactNativeVersion, \"errorMissingDependenciesFieldsInProjectPackageFile\");\n            assert.strictEqual(versions.reactNativeWindowsVersion, \"errorMissingDependenciesFieldsInProjectPackageFile\");\n        })",
                  "err": {},
                  "uuid": "3036a0ee-3dca-4f41-9877-bd96ec5eeb47",
                  "parentUUID": "9cc8ad86-7534-43a8-8cea-f014551af719",
                  "isHook": false,
                  "skipped": false
                }
              ],
              "suites": [],
              "passes": [
                "3036a0ee-3dca-4f41-9877-bd96ec5eeb47"
              ],
              "failures": [],
              "pending": [],
              "skipped": [],
              "duration": 12,
              "root": false,
              "rootEmpty": false,
              "_timeout": 2000
            },
            {
              "uuid": "bf10126b-68c7-4428-94e3-b786476b77c6",
              "title": "getReactNativeVersionsFromNodeModules",
              "fullFile": "/Users/ezio/Desktop/vscode-react-native/test/common/projectVersionHelper.test.js",
              "file": "Users/ezio/Desktop/vscode-react-native/test/common/projectVersionHelper.test.js",
              "beforeHooks": [
                {
                  "title": "\"before all\" hook in \"getReactNativeVersionsFromNodeModules\"",
                  "fullTitle": "projectVersionHelper getReactNativeVersionsFromNodeModules \"before all\" hook in \"getReactNativeVersionsFromNodeModules\"",
                  "timedOut": false,
                  "duration": 1,
                  "state": null,
                  "speed": null,
                  "pass": false,
                  "fail": false,
                  "pending": false,
                  "context": null,
                  "code": "fsHelper.makeDirectoryRecursiveSync(reactNativePackageDir);\nfsHelper.makeDirectoryRecursiveSync(reactNativeWindowsPackageDir);",
                  "err": {},
                  "uuid": "0ffaf31f-d3c9-4f09-8d54-1b2dd00a64a0",
                  "parentUUID": "bf10126b-68c7-4428-94e3-b786476b77c6",
                  "isHook": true,
                  "skipped": false
                }
              ],
              "afterHooks": [
                {
                  "title": "\"after all\" hook in \"getReactNativeVersionsFromNodeModules\"",
                  "fullTitle": "projectVersionHelper getReactNativeVersionsFromNodeModules \"after all\" hook in \"getReactNativeVersionsFromNodeModules\"",
                  "timedOut": false,
                  "duration": 1,
                  "state": null,
                  "speed": null,
                  "pass": false,
                  "fail": false,
                  "pending": false,
                  "context": null,
                  "code": "fsHelper.removePathRecursivelySync(path.join(sampleReactNativeProjectDir, \"node_modules\"));",
                  "err": {},
                  "uuid": "a6d8eacc-8afb-43b6-a5df-fdaa6c956890",
                  "parentUUID": "bf10126b-68c7-4428-94e3-b786476b77c6",
                  "isHook": true,
                  "skipped": false
                }
              ],
              "tests": [
                {
                  "title": "getReactNativePackageVersionsFromNodeModules should return object containing packages versions if 'version' field is found in react-native and react-native-windows packages package.json files from node_modules",
                  "fullTitle": "projectVersionHelper getReactNativeVersionsFromNodeModules getReactNativePackageVersionsFromNodeModules should return object containing packages versions if 'version' field is found in react-native and react-native-windows packages package.json files from node_modules",
                  "timedOut": false,
                  "duration": 2,
                  "state": "passed",
                  "speed": "fast",
                  "pass": true,
                  "fail": false,
                  "pending": false,
                  "context": null,
                  "code": "__awaiter(this, void 0, void 0, function* () {\n            const reactNativeVersionObj = {\n                version: \"^0.20.0\",\n            };\n            const reactNativeWindowsVersionObj = {\n                version: \"^0.60.0-vnext.68\",\n            };\n            fs.writeFileSync(path.join(reactNativePackageDir, \"package.json\"), JSON.stringify(reactNativeVersionObj, null, 2));\n            fs.writeFileSync(path.join(reactNativeWindowsPackageDir, \"package.json\"), JSON.stringify(reactNativeWindowsVersionObj, null, 2));\n            let additionalPackages = [];\n            additionalPackages.push(projectVersionHelper_1.REACT_NATIVE_PACKAGES.REACT_NATIVE_WINDOWS);\n            const versions = yield projectVersionHelper_1.ProjectVersionHelper.getReactNativePackageVersionsFromNodeModules(nodeModulesRoot, additionalPackages);\n            assert.strictEqual(versions.reactNativeVersion, \"0.20.0\");\n            assert.strictEqual(versions.reactNativeWindowsVersion, \"0.60.0-vnext.68\");\n        })",
                  "err": {},
                  "uuid": "427db8f5-a252-4b00-86b1-3e94202b31f6",
                  "parentUUID": "bf10126b-68c7-4428-94e3-b786476b77c6",
                  "isHook": false,
                  "skipped": false
                },
                {
                  "title": "getReactNativePackageVersionsFromNodeModules should return object containing strings if version field is an URL",
                  "fullTitle": "projectVersionHelper getReactNativeVersionsFromNodeModules getReactNativePackageVersionsFromNodeModules should return object containing strings if version field is an URL",
                  "timedOut": false,
                  "duration": 1,
                  "state": "passed",
                  "speed": "fast",
                  "pass": true,
                  "fail": false,
                  "pending": false,
                  "context": null,
                  "code": "__awaiter(this, void 0, void 0, function* () {\n            const versionObj = {\n                version: \"https://github.com/expo/react-native/archive/sdk-35.0.0.tar.gz\",\n            };\n            fs.writeFileSync(path.join(reactNativePackageDir, \"package.json\"), JSON.stringify(versionObj, null, 2));\n            const versions = yield projectVersionHelper_1.ProjectVersionHelper.getReactNativePackageVersionsFromNodeModules(nodeModulesRoot);\n            assert.strictEqual(versions.reactNativeVersion, \"SemverInvalid: URL\");\n        })",
                  "err": {},
                  "uuid": "2fffa77a-8ae6-4132-979f-b99165216a66",
                  "parentUUID": "bf10126b-68c7-4428-94e3-b786476b77c6",
                  "isHook": false,
                  "skipped": false
                }
              ],
              "suites": [],
              "passes": [
                "427db8f5-a252-4b00-86b1-3e94202b31f6",
                "2fffa77a-8ae6-4132-979f-b99165216a66"
              ],
              "failures": [],
              "pending": [],
              "skipped": [],
              "duration": 3,
              "root": false,
              "rootEmpty": false,
              "_timeout": 2000
            }
          ],
          "passes": [
            "9bb11486-d494-4a17-bd44-b37468d19e12",
            "5766b317-7671-419b-b102-3130529caff6",
            "e9bb6bb7-16da-4e17-a80c-c61a904557d2",
            "1b0bdc71-524e-4f99-9e92-b9c85b0ecc2b",
            "ae9a77fc-79f2-44a5-8553-50e72cb0be21"
          ],
          "failures": [],
          "pending": [],
          "skipped": [],
          "duration": 3,
          "root": false,
          "rootEmpty": false,
          "_timeout": 2000
        },
        {
          "uuid": "bcb3bb78-74ce-4bdb-91a5-49b84df7f9d5",
          "title": "ReactNativeProjectHelper",
          "fullFile": "/Users/ezio/Desktop/vscode-react-native/test/common/reactNativeProjectHelper.test.js",
          "file": "Users/ezio/Desktop/vscode-react-native/test/common/reactNativeProjectHelper.test.js",
          "beforeHooks": [],
          "afterHooks": [],
          "tests": [],
          "suites": [
            {
              "uuid": "c6043fdd-5186-44a5-9a29-730c194c56b2",
              "title": "isAndroidHermesEnabled",
              "fullFile": "/Users/ezio/Desktop/vscode-react-native/test/common/reactNativeProjectHelper.test.js",
              "file": "Users/ezio/Desktop/vscode-react-native/test/common/reactNativeProjectHelper.test.js",
              "beforeHooks": [
                {
                  "title": "\"before all\" hook in \"isAndroidHermesEnabled\"",
                  "fullTitle": "ReactNativeProjectHelper isAndroidHermesEnabled \"before all\" hook in \"isAndroidHermesEnabled\"",
                  "timedOut": false,
                  "duration": 0,
                  "state": null,
                  "speed": null,
                  "pass": false,
                  "fail": false,
                  "pending": false,
                  "context": null,
                  "code": "fsHelper.makeDirectoryRecursiveSync(path.dirname(buildGradleFilePath));",
                  "err": {},
                  "uuid": "3ba456fb-6735-42d3-a7b6-0700b4f16087",
                  "parentUUID": "c6043fdd-5186-44a5-9a29-730c194c56b2",
                  "isHook": true,
                  "skipped": false
                }
              ],
              "afterHooks": [
                {
                  "title": "\"after all\" hook in \"isAndroidHermesEnabled\"",
                  "fullTitle": "ReactNativeProjectHelper isAndroidHermesEnabled \"after all\" hook in \"isAndroidHermesEnabled\"",
                  "timedOut": false,
                  "duration": 0,
                  "state": null,
                  "speed": null,
                  "pass": false,
                  "fail": false,
                  "pending": false,
                  "context": null,
                  "code": "fsHelper.removePathRecursivelySync(path.join(sampleReactNativeProjectDir, \"android\"));",
                  "err": {},
                  "uuid": "14424d0d-b956-4576-960a-685962fd66dd",
                  "parentUUID": "c6043fdd-5186-44a5-9a29-730c194c56b2",
                  "isHook": true,
                  "skipped": false
                }
              ],
              "tests": [
                {
                  "title": "isAndroidHermesEnabled should return 'true' if Hermes engine is enabled in the build.gradle file",
                  "fullTitle": "ReactNativeProjectHelper isAndroidHermesEnabled isAndroidHermesEnabled should return 'true' if Hermes engine is enabled in the build.gradle file",
                  "timedOut": false,
                  "duration": 2,
                  "state": "passed",
                  "speed": "fast",
                  "pass": true,
                  "fail": false,
                  "pending": false,
                  "context": null,
[...]
                  "err": {
                    "message": "Error: Timeout of 2000ms exceeded. For async tests and hooks, ensure \"done()\" is called; if returning a Promise, ensure it resolves. (/Users/ezio/Desktop/vscode-react-native/test/extension/tipsNotificationService/tipsNotificationService.test.js)",
                    "estack": "Error: Timeout of 2000ms exceeded. For async tests and hooks, ensure \"done()\" is called; if returning a Promise, ensure it resolves. (/Users/ezio/Desktop/vscode-react-native/test/extension/tipsNotificationService/tipsNotificationService.test.js)\n    at listOnTimeout (node:internal/timers:569:17)\n    at processTimers (node:internal/timers:512:7)",
                    "diff": null
                  },
                  "uuid": "95afa4c6-3fc0-452e-b748-651ba53397ff",
                  "parentUUID": "90be1e9b-73cb-4148-8137-c48e0f14d2ff",
                  "isHook": false,
                  "skipped": false
                },
                {
                  "title": "should update config after adding a tip to storage",
                  "fullTitle": "tipNotificationService updateTipsConfig should update config after adding a tip to storage",
                  "timedOut": true,
                  "duration": 2009,
                  "state": "failed",
                  "speed": null,
                  "pass": false,
                  "fail": true,
                  "pending": false,
                  "context": null,
                  "code": "__awaiter(this, void 0, void 0, function* () {\n            const mockedTipsNotificationServiceBefore = proxyquire(tipsNotificationServicePath, {\n                \"./tipsStorage\": {\n                    default: mockedTipsStorageBefore,\n                },\n            })[\"TipNotificationService\"];\n            const mockedTipsNotificationServiceInstanceBefore = mockedTipsNotificationServiceBefore.getInstance();\n            yield settingsHelper_1.SettingsHelper.setShowTips(false);\n            yield mockedTipsNotificationServiceInstanceBefore.initializeTipsConfig();\n            const tipsConfigInitial = (mockedTipsNotificationServiceInstanceBefore).parseDatesInRawConfig(config.get(tipsConfigName));\n            const mockedTipsStorageAfter = {\n                generalTips: {\n                    elementInspector: {\n                        text: \"Element Inspector Tip Text\",\n                        anchorLink: \"#react-native-commands-in-the-command-palette\",\n                    },\n                    customEnvVariables: {\n                        text: \"Custom Env Variables Tip Text\",\n                        anchorLink: \"#custom-environment-variables\",\n                    },\n                    networkInspector: {\n                        text: \"Network Inspector Tip Text\",\n                        anchorLink: \"#network-inspector\",\n                    },\n                },\n                specificTips: {\n                    networkInspectorLogsColorTheme: {\n                        text: \"Network Inspector Logs Tip Text\",\n                        anchorLink: \"#network-inspector-logs-theme\",\n                    },\n                },\n            };\n            const mockedTipsNotificationServiceAfter = proxyquire(tipsNotificationServicePath, {\n                \"./tipsStorage\": {\n                    default: mockedTipsStorageAfter,\n                },\n            })[\"TipNotificationService\"];\n            const mockedTipsNotificationServiceInstanceAfter = mockedTipsNotificationServiceAfter.getInstance();\n            yield mockedTipsNotificationServiceInstanceAfter.updateTipsConfig();\n            const tipsConfigUpdated = (mockedTipsNotificationServiceInstanceAfter).parseDatesInRawConfig(config.get(tipsConfigName));\n            const expectedTipsConfigGeneralTipsAfter = {\n                elementInspector: {},\n                customEnvVariables: {},\n                networkInspector: {},\n            };\n            const expectedTipsConfigSpecificTipsAfter = {\n                networkInspectorLogsColorTheme: {},\n            };\n            assert.notDeepStrictEqual(tipsConfigInitial, tipsConfigUpdated);\n            assert.deepStrictEqual(tipsConfigInitial.tips.generalTips, expectedTipsConfigGeneralTipsBefore);\n            assert.deepStrictEqual(tipsConfigInitial.tips.specificTips, expectedTipsConfigSpecificTipsBefore);\n            assert.deepStrictEqual(tipsConfigUpdated.tips.generalTips, expectedTipsConfigGeneralTipsAfter);\n            assert.deepStrictEqual(tipsConfigUpdated.tips.specificTips, expectedTipsConfigSpecificTipsAfter);\n        })",
                  "err": {
                    "message": "Error: Timeout of 2000ms exceeded. For async tests and hooks, ensure \"done()\" is called; if returning a Promise, ensure it resolves. (/Users/ezio/Desktop/vscode-react-native/test/extension/tipsNotificationService/tipsNotificationService.test.js)",
                    "estack": "Error: Timeout of 2000ms exceeded. For async tests and hooks, ensure \"done()\" is called; if returning a Promise, ensure it resolves. (/Users/ezio/Desktop/vscode-react-native/test/extension/tipsNotificationService/tipsNotificationService.test.js)\n    at listOnTimeout (node:internal/timers:569:17)\n    at processTimers (node:internal/timers:512:7)",
                    "diff": null
                  },
                  "uuid": "8bdfb2d8-cc07-4ee9-9bd2-e36aa808c5fc",
                  "parentUUID": "90be1e9b-73cb-4148-8137-c48e0f14d2ff",
                  "isHook": false,
                  "skipped": false
                },
                {
                  "title": "should update config after updating tips storage",
                  "fullTitle": "tipNotificationService updateTipsConfig should update config after updating tips storage",
                  "timedOut": true,
                  "duration": 2019,
                  "state": "failed",
                  "speed": null,
                  "pass": false,
                  "fail": true,
                  "pending": false,
                  "context": null,
                  "code": "__awaiter(this, void 0, void 0, function* () {\n            const mockedTipsNotificationServiceBefore = proxyquire(tipsNotificationServicePath, {\n                \"./tipsStorage\": {\n                    default: mockedTipsStorageBefore,\n                },\n            })[\"TipNotificationService\"];\n            const mockedTipsNotificationServiceInstanceBefore = mockedTipsNotificationServiceBefore.getInstance();\n            yield mockedTipsNotificationServiceInstanceBefore.initializeTipsConfig();\n            const tipsConfigInitial = (mockedTipsNotificationServiceInstanceBefore).parseDatesInRawConfig(config.get(tipsConfigName));\n            const mockedTipsStorageAfter = {\n                generalTips: {\n                    elementInspector: {\n                        text: \"Element Inspector Tip Text\",\n                        anchorLink: \"#react-native-commands-in-the-command-palette\",\n                    },\n                    networkInspector: {\n                        text: \"Network Inspector Tip Text\",\n                        anchorLink: \"#network-inspector\",\n                    },\n                },\n                specificTips: {\n                    networkInspectorLogsColorTheme: {\n                        text: \"Network Inspector Logs Tip Text\",\n                        anchorLink: \"#network-inspector-logs-theme\",\n                    },\n                },\n            };\n            const mockedTipsNotificationServiceAfter = proxyquire(tipsNotificationServicePath, {\n                \"./tipsStorage\": {\n                    default: mockedTipsStorageAfter,\n                },\n            })[\"TipNotificationService\"];\n            const mockedTipsNotificationServiceInstanceAfter = mockedTipsNotificationServiceAfter.getInstance();\n            yield mockedTipsNotificationServiceInstanceAfter.updateTipsConfig();\n            const tipsConfigUpdated = (mockedTipsNotificationServiceInstanceAfter).parseDatesInRawConfig(config.get(tipsConfigName));\n            const expectedTipsConfigGeneralTipsAfter = {\n                elementInspector: {},\n                networkInspector: {},\n            };\n            const expectedTipsConfigSpecificTipsAfter = {\n                networkInspectorLogsColorTheme: {},\n            };\n            assert.notDeepStrictEqual(tipsConfigInitial, tipsConfigUpdated);\n            assert.deepStrictEqual(tipsConfigInitial.tips.generalTips, expectedTipsConfigGeneralTipsBefore);\n            assert.deepStrictEqual(tipsConfigInitial.tips.specificTips, expectedTipsConfigSpecificTipsBefore);\n            assert.deepStrictEqual(tipsConfigUpdated.tips.generalTips, expectedTipsConfigGeneralTipsAfter);\n            assert.deepStrictEqual(tipsConfigUpdated.tips.specificTips, expectedTipsConfigSpecificTipsAfter);\n        })",
                  "err": {
                    "message": "Error: Timeout of 2000ms exceeded. For async tests and hooks, ensure \"done()\" is called; if returning a Promise, ensure it resolves. (/Users/ezio/Desktop/vscode-react-native/test/extension/tipsNotificationService/tipsNotificationService.test.js)",
                    "estack": "Error: Timeout of 2000ms exceeded. For async tests and hooks, ensure \"done()\" is called; if returning a Promise, ensure it resolves. (/Users/ezio/Desktop/vscode-react-native/test/extension/tipsNotificationService/tipsNotificationService.test.js)\n    at listOnTimeout (node:internal/timers:569:17)\n    at processTimers (node:internal/timers:512:7)",
                    "diff": null
                  },
                  "uuid": "f28b1dd5-7ac9-4429-8daa-b11a5c13e150",
                  "parentUUID": "90be1e9b-73cb-4148-8137-c48e0f14d2ff",
                  "isHook": false,
                  "skipped": false
                }
              ],
              "suites": [],
              "passes": [],
              "failures": [
                "95afa4c6-3fc0-452e-b748-651ba53397ff",
                "8bdfb2d8-cc07-4ee9-9bd2-e36aa808c5fc",
                "f28b1dd5-7ac9-4429-8daa-b11a5c13e150"
              ],
              "pending": [],
              "skipped": [],
              "duration": 6110,
              "root": false,
              "rootEmpty": false,
              "_timeout": 2000
            }
          ],
          "passes": [],
          "failures": [],
          "pending": [],
          "skipped": [],
          "duration": 0,
          "root": false,
          "rootEmpty": false,
          "_timeout": 2000
        },
        {
          "uuid": "ecbbc4d9-3958-47d9-823c-8d560c307c00",
          "title": "workspace",
          "fullFile": "/Users/ezio/Desktop/vscode-react-native/test/extension/workspace.test.js",
          "file": "Users/ezio/Desktop/vscode-react-native/test/extension/workspace.test.js",
          "beforeHooks": [],
          "afterHooks": [],
          "tests": [],
          "suites": [
            {
              "uuid": "d567eae9-e51d-4192-962f-40fbaf831b50",
              "title": "extensionContext",
              "fullFile": "/Users/ezio/Desktop/vscode-react-native/test/extension/workspace.test.js",
              "file": "Users/ezio/Desktop/vscode-react-native/test/extension/workspace.test.js",
              "beforeHooks": [],
              "afterHooks": [],
              "tests": [
                {
                  "title": "Should get react-native.workspace.exclude correctly from workspace settings file",
                  "fullTitle": "workspace extensionContext Should get react-native.workspace.exclude correctly from workspace settings file",
                  "timedOut": false,
                  "duration": 40,
                  "state": "passed",
                  "speed": "medium",
                  "pass": true,
                  "fail": false,
                  "pending": false,
                  "context": null,
                  "code": "return __awaiter(this, void 0, void 0, function* () {\n    const noWorkspacePath = undefined;\n    const exclude1 = yield settingsHelper_1.SettingsHelper.getWorkspaceFileExcludeFolder(noWorkspacePath);\n    assert.strictEqual(exclude1.length, 0);\n    const noExcludeWorkspacePath = path.resolve(__dirname, \"..\", \"resources\", \"workspaceSettingsSample\", \"noExcludeSetting.json\");\n    const exclude2 = yield settingsHelper_1.SettingsHelper.getWorkspaceFileExcludeFolder(noExcludeWorkspacePath);\n    assert.strictEqual(exclude2.length, 0);\n    const excludeWorkspacePath = path.resolve(__dirname, \"..\", \"resources\", \"workspaceSettingsSample\", \"excludeSetting.json\");\n    const exclude3 = yield settingsHelper_1.SettingsHelper.getWorkspaceFileExcludeFolder(excludeWorkspacePath);\n    assert.strictEqual(exclude3.length, 1);\n    assert.strictEqual(exclude3[0], \"testProject2\");\n});",
                  "err": {},
                  "uuid": "fc154d1c-a36b-400d-a087-3f328c497380",
                  "parentUUID": "d567eae9-e51d-4192-962f-40fbaf831b50",
                  "isHook": false,
                  "skipped": false
                }
              ],
              "suites": [],
              "passes": [
                "fc154d1c-a36b-400d-a087-3f328c497380"
              ],
              "failures": [],
              "pending": [],
              "skipped": [],
              "duration": 40,
              "root": false,
              "rootEmpty": false,
              "_timeout": 2000
            }
          ],
          "passes": [],
          "failures": [],
          "pending": [],
          "skipped": [],
          "duration": 0,
          "root": false,
          "rootEmpty": false,
          "_timeout": 2000
        },
        {
          "uuid": "fb917eff-cf3b-41a7-8e56-74bb0d69436e",
          "title": "localizationTest",
          "fullFile": "/Users/ezio/Desktop/vscode-react-native/test/localization/localization.test.js",
          "file": "Users/ezio/Desktop/vscode-react-native/test/localization/localization.test.js",
          "beforeHooks": [],
          "afterHooks": [],
          "tests": [],
          "suites": [
            {
              "uuid": "c9390d59-51d7-4dc5-a2e2-b173b453a313",
              "title": "localizationContext",
              "fullFile": "/Users/ezio/Desktop/vscode-react-native/test/localization/localization.test.js",
              "file": "Users/ezio/Desktop/vscode-react-native/test/localization/localization.test.js",
              "beforeHooks": [],
              "afterHooks": [],
              "tests": [
                {
                  "title": "localize should show correct message on ZH-CN for CommandFailed error",
                  "fullTitle": "localizationTest localizationContext localize should show correct message on ZH-CN for CommandFailed error",
                  "timedOut": false,
                  "duration": 0,
                  "state": null,
                  "speed": null,
                  "pass": false,
                  "fail": false,
                  "pending": false,
                  "context": null,
                  "code": "assert.strictEqual(commandFailedErrorChs.message, \"执行命令 IncorrectCommand 时出错 (error code 101)\");\ndone();",
                  "err": {},
                  "uuid": "e09cf374-3e7f-4c1c-991e-9c1deb83ca5f",
                  "parentUUID": null,
                  "isHook": false,
                  "skipped": true
                },
                {
                  "title": "localize should show correct message on ZH-CN for iOSDeployNotFound error",
                  "fullTitle": "localizationTest localizationContext localize should show correct message on ZH-CN for iOSDeployNotFound error",
                  "timedOut": false,
                  "duration": 0,
                  "state": null,
                  "speed": null,
                  "pass": false,
                  "fail": false,
                  "pending": false,
                  "context": null,
                  "code": "assert.strictEqual(iosDeployErrorChs.message, \"找不到 iOS 部署。请确保全局安装该部署(npm install -g ios-deploy) (error code 201)\");\ndone();",
                  "err": {},
                  "uuid": "d69f2b12-9dca-4018-8204-9f7554134610",
                  "parentUUID": null,
                  "isHook": false,
                  "skipped": true
                }
              ],
              "suites": [],
              "passes": [],
              "failures": [],
              "pending": [],
              "skipped": [
                "e09cf374-3e7f-4c1c-991e-9c1deb83ca5f",
                "d69f2b12-9dca-4018-8204-9f7554134610"
              ],
              "duration": 0,
              "root": false,
              "rootEmpty": false,
              "_timeout": 2000
            }
          ],
          "passes": [],
          "failures": [],
          "pending": [],
          "skipped": [],
          "duration": 0,
          "root": false,
          "rootEmpty": false,
          "_timeout": 2000
        }
      ],
      "passes": [
        "92eb1806-ae62-47da-bec2-8edbefd60913",
        "a4ec7493-021a-441b-831b-10ed59e004a5",
        "69cc3297-28c7-4905-b6e2-61a83ba0c4f6"
      ],
      "failures": [],
      "pending": [],
      "skipped": [],
      "duration": 2,
      "root": true,
      "rootEmpty": false,
      "_timeout": 2000
    }
  ],
  "meta": {
    "mocha": {
      "version": "9.2.0"
    },
    "mochawesome": {
      "options": {
        "quiet": true,
        "reportFilename": "Rn-Test-Report",
        "saveHtml": true,
        "saveJson": true,
        "consoleReporter": "spec",
        "useInlineDiffs": false,
        "code": true
      },
      "version": "7.1.3"
    },
    "marge": {
      "options": {
        "id": "default",
        "reportDir": "/Users/ezio/Desktop/vscode-react-native/mochawesome-report",
        "reportFilename": "Rn-Test-Report",
        "quiet": true
      },
      "version": "6.2.0"
    }
  }
}